# JRE version: Java(TM) SE Runtime Environment (7.0_60-b19) (build 1.7.0_60-b19)
# Java VM: Java HotSpot(TM) Server VM (24.60-b09 mixed mode linux-x86 )
Heap
 PSYoungGen      total 203776K, used 18675K [0x9df80000, 0xabb40000, 0xb3500000)
  eden space 185088K, 0% used [0x9df80000,0x9df80000,0xa9440000)
  from space 18688K, 99% used [0xa9440000,0xaa67ce28,0xaa680000)
  to   space 17920K, 0% used [0xaa680000,0xaa680000,0xab800000)
 ParOldGen       total 40448K, used 37361K [0x73500000, 0x75c80000, 0x9df80000)
  object space 40448K, 92% used [0x73500000,0x7597c458,0x75c80000)
 PSPermGen       total 16384K, used 4745K [0x6f500000, 0x70500000, 0x73500000)
  object space 16384K, 28% used [0x6f500000,0x6f9a2500,0x70500000)
GC Heap History (10 events):
Event: 19.478 GC heap after
Heap after GC invocations=12 (full 1):
 PSYoungGen      total 100608K, used 11519K [0x9df80000, 0xa81c0000, 0xb3500000)
  eden space 89088K, 0% used [0x9df80000,0x9df80000,0xa3680000)
  from space 11520K, 99% used [0xa3680000,0xa41bfe50,0xa41c0000)
  to   space 15104K, 0% used [0xa7300000,0xa7300000,0xa81c0000)
 ParOldGen       total 33536K, used 27978K [0x73500000, 0x755c0000, 0x9df80000)
  object space 33536K, 83% used [0x73500000,0x750528d0,0x755c0000)
 PSPermGen       total 16384K, used 4681K [0x6f500000, 0x70500000, 0x73500000)
  object space 16384K, 28% used [0x6f500000,0x6f9925a0,0x70500000)
}
Event: 19.478 GC heap before
{Heap before GC invocations=13 (full 2):
 PSYoungGen      total 100608K, used 11519K [0x9df80000, 0xa81c0000, 0xb3500000)
  eden space 89088K, 0% used [0x9df80000,0x9df80000,0xa3680000)
  from space 11520K, 99% used [0xa3680000,0xa41bfe50,0xa41c0000)
  to   space 15104K, 0% used [0xa7300000,0xa7300000,0xa81c0000)
 ParOldGen       total 33536K, used 27978K [0x73500000, 0x755c0000, 0x9df80000)
  object space 33536K, 83% used [0x73500000,0x750528d0,0x755c0000)
 PSPermGen       total 16384K, used 4681K [0x6f500000, 0x70500000, 0x73500000)
  object space 16384K, 28% used [0x6f500000,0x6f9925a0,0x70500000)
Event: 19.563 GC heap after
Heap after GC invocations=13 (full 2):
 PSYoungGen      total 100608K, used 0K [0x9df80000, 0xa81c0000, 0xb3500000)
  eden space 89088K, 0% used [0x9df80000,0x9df80000,0xa3680000)
  from space 11520K, 0% used [0xa3680000,0xa3680000,0xa41c0000)
  to   space 15104K, 0% used [0xa7300000,0xa7300000,0xa81c0000)
 ParOldGen       total 40448K, used 20413K [0x73500000, 0x75c80000, 0x9df80000)
  object space 40448K, 50% used [0x73500000,0x748ef428,0x75c80000)
 PSPermGen       total 16384K, used 4681K [0x6f500000, 0x70500000, 0x73500000)
  object space 16384K, 28% used [0x6f500000,0x6f9925a0,0x70500000)
}
Event: 20.517 GC heap before
{Heap before GC invocations=14 (full 2):
 PSYoungGen      total 100608K, used 89088K [0x9df80000, 0xa81c0000, 0xb3500000)
  eden space 89088K, 100% used [0x9df80000,0xa3680000,0xa3680000)
  from space 11520K, 0% used [0xa3680000,0xa3680000,0xa41c0000)
  to   space 15104K, 0% used [0xa7300000,0xa7300000,0xa81c0000)
 ParOldGen       total 40448K, used 20413K [0x73500000, 0x75c80000, 0x9df80000)
  object space 40448K, 50% used [0x73500000,0x748ef428,0x75c80000)
 PSPermGen       total 16384K, used 4685K [0x6f500000, 0x70500000, 0x73500000)
  object space 16384K, 28% used [0x6f500000,0x6f993508,0x70500000)
Event: 20.546 GC heap after
Heap after GC invocations=14 (full 2):
 PSYoungGen      total 143360K, used 15091K [0x9df80000, 0xa81c0000, 0xb3500000)
  eden space 128256K, 0% used [0x9df80000,0x9df80000,0xa5cc0000)
  from space 15104K, 99% used [0xa7300000,0xa81bce88,0xa81c0000)
  to   space 17408K, 0% used [0xa5fc0000,0xa5fc0000,0xa70c0000)
 ParOldGen       total 40448K, used 20573K [0x73500000, 0x75c80000, 0x9df80000)
  object space 40448K, 50% used [0x73500000,0x74917428,0x75c80000)
 PSPermGen       total 16384K, used 4685K [0x6f500000, 0x70500000, 0x73500000)
  object space 16384K, 28% used [0x6f500000,0x6f993508,0x70500000)
}
Event: 21.334 GC heap before
{Heap before GC invocations=15 (full 2):
 PSYoungGen      total 143360K, used 143347K [0x9df80000, 0xa81c0000, 0xb3500000)
  eden space 128256K, 100% used [0x9df80000,0xa5cc0000,0xa5cc0000)
  from space 15104K, 99% used [0xa7300000,0xa81bce88,0xa81c0000)
  to   space 17408K, 0% used [0xa5fc0000,0xa5fc0000,0xa70c0000)
 ParOldGen       total 40448K, used 20573K [0x73500000, 0x75c80000, 0x9df80000)
  object space 40448K, 50% used [0x73500000,0x74917428,0x75c80000)
 PSPermGen       total 16384K, used 4686K [0x6f500000, 0x70500000, 0x73500000)
  object space 16384K, 28% used [0x6f500000,0x6f9939c8,0x70500000)
Event: 21.414 GC heap after
Heap after GC invocations=15 (full 2):
 PSYoungGen      total 148736K, used 11535K [0x9df80000, 0xab800000, 0xb3500000)
  eden space 131328K, 0% used [0x9df80000,0x9df80000,0xa5fc0000)
  from space 17408K, 66% used [0xa5fc0000,0xa6b03fc8,0xa70c0000)
  to   space 17920K, 0% used [0xaa680000,0xaa680000,0xab800000)
 ParOldGen       total 40448K, used 30510K [0x73500000, 0x75c80000, 0x9df80000)
  object space 40448K, 75% used [0x73500000,0x752cba38,0x75c80000)
 PSPermGen       total 16384K, used 4686K [0x6f500000, 0x70500000, 0x73500000)
  object space 16384K, 28% used [0x6f500000,0x6f9939c8,0x70500000)
}
Event: 22.725 GC heap before
{Heap before GC invocations=16 (full 2):
 PSYoungGen      total 148736K, used 142863K [0x9df80000, 0xab800000, 0xb3500000)
  eden space 131328K, 100% used [0x9df80000,0xa5fc0000,0xa5fc0000)
  from space 17408K, 66% used [0xa5fc0000,0xa6b03fc8,0xa70c0000)
  to   space 17920K, 0% used [0xaa680000,0xaa680000,0xab800000)
 ParOldGen       total 40448K, used 30510K [0x73500000, 0x75c80000, 0x9df80000)
  object space 40448K, 75% used [0x73500000,0x752cba38,0x75c80000)
 PSPermGen       total 16384K, used 4744K [0x6f500000, 0x70500000, 0x73500000)
  object space 16384K, 28% used [0x6f500000,0x6f9a2060,0x70500000)
Event: 22.762 GC heap after
Heap after GC invocations=16 (full 2):
 PSYoungGen      total 203008K, used 12864K [0x9df80000, 0xabb40000, 0xb3500000)
  eden space 185088K, 0% used [0x9df80000,0x9df80000,0xa9440000)
  from space 17920K, 71% used [0xaa680000,0xab310020,0xab800000)
  to   space 18688K, 0% used [0xa9440000,0xa9440000,0xaa680000)
 ParOldGen       total 40448K, used 31516K [0x73500000, 0x75c80000, 0x9df80000)
  object space 40448K, 77% used [0x73500000,0x753c7298,0x75c80000)
 PSPermGen       total 16384K, used 4744K [0x6f500000, 0x70500000, 0x73500000)
  object space 16384K, 28% used [0x6f500000,0x6f9a2060,0x70500000)
}
Event: 23.750 GC heap before
{Heap before GC invocations=17 (full 2):
 PSYoungGen      total 203008K, used 197952K [0x9df80000, 0xabb40000, 0xb3500000)
  eden space 185088K, 100% used [0x9df80000,0xa9440000,0xa9440000)
  from space 17920K, 71% used [0xaa680000,0xab310020,0xab800000)
  to   space 18688K, 0% used [0xa9440000,0xa9440000,0xaa680000)
 ParOldGen       total 40448K, used 31516K [0x73500000, 0x75c80000, 0x9df80000)
  object space 40448K, 77% used [0x73500000,0x753c7298,0x75c80000)
 PSPermGen       total 16384K, used 4745K [0x6f500000, 0x70500000, 0x73500000)
  object space 16384K, 28% used [0x6f500000,0x6f9a2500,0x70500000)

